[2025-12-22 06:26:33,080] INFO POST /api/token/ 200 850.82ms
[2025-12-22 06:26:35,426] INFO GET /api/students/ 200 72.43ms
[2025-12-22 06:27:59,160] INFO GET / 404 4.43ms
[2025-12-22 06:28:01,243] INFO GET /api/students/ 200 3.47ms
[2025-12-22 06:28:02,092] INFO GET /api/students/ 200 74.04ms
[2025-12-22 06:28:02,900] INFO GET /api/students/ 200 2.27ms
[2025-12-22 06:28:03,672] INFO GET /api/students/ 200 2.59ms
[2025-12-22 06:28:04,483] INFO GET /api/students/ 200 2.22ms
[2025-12-22 06:28:05,218] INFO GET /api/students/ 200 2.53ms
[2025-12-22 06:28:05,999] INFO GET /api/students/ 200 2.44ms
[2025-12-22 06:34:12,107] INFO GET / 404 4.43ms
[2025-12-22 06:34:22,282] INFO GET / 404 2.59ms
[2025-12-22 07:25:19,202] INFO GET / 404 2.67ms
[2025-12-22 07:31:27,883] INFO OPTIONS / 404 2.66ms
[2025-12-22 07:41:18,391] INFO GET /admin/ 200 59.77ms
[2025-12-22 07:41:22,977] INFO GET /admin/api/student/ 200 56.69ms
[2025-12-22 07:41:23,071] INFO GET /admin/jsi18n/ 200 4.99ms
[2025-12-22 07:41:23,880] INFO GET /admin/api/substudent/ 200 46.61ms
[2025-12-22 07:41:23,953] INFO GET /admin/jsi18n/ 200 3.6ms
[2025-12-22 07:44:17,168] INFO GET /admin/api/substudent/ 200 14.12ms
[2025-12-22 07:44:17,237] INFO GET /admin/jsi18n/ 200 2.34ms
[2025-12-22 07:46:24,702] INFO OPTIONS / 404 2.94ms
[2025-12-22 07:54:19,367] INFO GET /admin/api/substudent/ 200 40.23ms
[2025-12-22 07:54:19,443] INFO GET /admin/jsi18n/ 200 6.4ms
[2025-12-22 07:55:02,110] INFO GET /admin/api/substudent/ 200 14.91ms
[2025-12-22 07:55:02,192] INFO GET /admin/jsi18n/ 200 2.97ms
[2025-12-22 07:55:03,895] INFO GET /admin/api/substudent/ 200 16.23ms
[2025-12-22 07:55:03,965] INFO GET /admin/jsi18n/ 200 2.86ms
[2025-12-22 08:27:15,483] INFO GET / 404 2.96ms
[2025-12-22 08:36:51,662] INFO POST /hello.world?%ADd+allow_url_include%3d1+%ADd+auto_prepend_file%3dphp://input 404 3.15ms
[2025-12-22 08:36:51,806] INFO POST /?%ADd+allow_url_include%3d1+%ADd+auto_prepend_file%3dphp://input 404 2.96ms
[2025-12-22 08:36:51,949] INFO GET /vendor/phpunit/phpunit/src/Util/PHP/eval-stdin.php 404 2.4ms
[2025-12-22 08:36:52,089] INFO GET /vendor/phpunit/phpunit/Util/PHP/eval-stdin.php 404 2.82ms
[2025-12-22 08:36:52,242] INFO GET /vendor/phpunit/src/Util/PHP/eval-stdin.php 404 3.41ms
[2025-12-22 08:36:52,386] INFO GET /vendor/phpunit/Util/PHP/eval-stdin.php 404 2.36ms
[2025-12-22 08:36:52,542] INFO GET /vendor/phpunit/phpunit/LICENSE/eval-stdin.php 404 2.72ms
[2025-12-22 08:36:52,693] INFO GET /vendor/vendor/phpunit/phpunit/src/Util/PHP/eval-stdin.php 404 2.82ms
[2025-12-22 08:36:52,856] INFO GET /phpunit/phpunit/src/Util/PHP/eval-stdin.php 404 3.13ms
[2025-12-22 08:36:53,004] INFO GET /phpunit/phpunit/Util/PHP/eval-stdin.php 404 3.81ms
[2025-12-22 08:36:53,176] INFO GET /phpunit/src/Util/PHP/eval-stdin.php 404 2.41ms
[2025-12-22 08:36:53,320] INFO GET /phpunit/Util/PHP/eval-stdin.php 404 2.5ms
[2025-12-22 08:36:53,461] INFO GET /lib/phpunit/phpunit/src/Util/PHP/eval-stdin.php 404 3.0ms
[2025-12-22 08:36:53,604] INFO GET /lib/phpunit/phpunit/Util/PHP/eval-stdin.php 404 2.36ms
[2025-12-22 08:36:53,772] INFO GET /lib/phpunit/src/Util/PHP/eval-stdin.php 404 2.82ms
[2025-12-22 08:36:53,920] INFO GET /lib/phpunit/Util/PHP/eval-stdin.php 404 2.72ms
[2025-12-22 08:36:54,102] INFO GET /lib/vendor/phpunit/phpunit/src/Util/PHP/eval-stdin.php 404 2.37ms
[2025-12-22 08:36:54,267] INFO GET /laravel/vendor/phpunit/phpunit/src/Util/PHP/eval-stdin.php 404 2.41ms
[2025-12-22 08:36:54,417] INFO GET /www/vendor/phpunit/phpunit/src/Util/PHP/eval-stdin.php 404 4.13ms
[2025-12-22 08:36:54,581] INFO GET /ws/vendor/phpunit/phpunit/src/Util/PHP/eval-stdin.php 404 3.36ms
[2025-12-22 08:36:54,734] INFO GET /yii/vendor/phpunit/phpunit/src/Util/PHP/eval-stdin.php 404 2.69ms
[2025-12-22 08:36:54,892] INFO GET /zend/vendor/phpunit/phpunit/src/Util/PHP/eval-stdin.php 404 3.66ms
[2025-12-22 08:36:55,040] INFO GET /ws/ec/vendor/phpunit/phpunit/src/Util/PHP/eval-stdin.php 404 3.11ms
[2025-12-22 08:36:55,191] INFO GET /V2/vendor/phpunit/phpunit/src/Util/PHP/eval-stdin.php 404 2.82ms
[2025-12-22 08:36:55,363] INFO GET /tests/vendor/phpunit/phpunit/src/Util/PHP/eval-stdin.php 404 2.84ms
[2025-12-22 08:36:55,513] INFO GET /test/vendor/phpunit/phpunit/src/Util/PHP/eval-stdin.php 404 3.17ms
[2025-12-22 08:36:55,682] INFO GET /testing/vendor/phpunit/phpunit/src/Util/PHP/eval-stdin.php 404 2.99ms
[2025-12-22 08:36:55,839] INFO GET /api/vendor/phpunit/phpunit/src/Util/PHP/eval-stdin.php 404 2.87ms
[2025-12-22 08:36:55,993] INFO GET /demo/vendor/phpunit/phpunit/src/Util/PHP/eval-stdin.php 404 2.41ms
[2025-12-22 08:36:56,170] INFO GET /cms/vendor/phpunit/phpunit/src/Util/PHP/eval-stdin.php 404 2.85ms
[2025-12-22 08:36:56,341] INFO GET /crm/vendor/phpunit/phpunit/src/Util/PHP/eval-stdin.php 404 2.94ms
[2025-12-22 08:36:56,509] INFO GET /admin/vendor/phpunit/phpunit/src/Util/PHP/eval-stdin.php 302 0.53ms
[2025-12-22 08:36:56,681] INFO GET /backup/vendor/phpunit/phpunit/src/Util/PHP/eval-stdin.php 404 2.73ms
[2025-12-22 08:36:56,855] INFO GET /blog/vendor/phpunit/phpunit/src/Util/PHP/eval-stdin.php 404 2.39ms
[2025-12-22 08:36:57,035] INFO GET /workspace/drupal/vendor/phpunit/phpunit/src/Util/PHP/eval-stdin.php 404 4.34ms
[2025-12-22 08:36:57,208] INFO GET /panel/vendor/phpunit/phpunit/src/Util/PHP/eval-stdin.php 404 3.18ms
[2025-12-22 08:36:57,362] INFO GET /public/vendor/phpunit/phpunit/src/Util/PHP/eval-stdin.php 404 2.77ms
[2025-12-22 08:36:57,521] INFO GET /apps/vendor/phpunit/phpunit/src/Util/PHP/eval-stdin.php 404 3.08ms
[2025-12-22 08:36:57,684] INFO GET /app/vendor/phpunit/phpunit/src/Util/PHP/eval-stdin.php 404 2.35ms
[2025-12-22 08:36:57,885] INFO GET /index.php?s=/index/%5Cthink%5Capp/invokefunction&function=call_user_func_array&vars[0]=md5&vars[1][]=Hello 404 3.07ms
[2025-12-22 08:36:58,094] INFO GET /public/index.php?s=/index/%5Cthink%5Capp/invokefunction&function=call_user_func_array&vars[0]=md5&vars[1][]=Hello 404 3.27ms
[2025-12-22 08:36:58,293] INFO GET /index.php?lang=../../../../../../../../usr/local/lib/php/pearcmd&+config-create+/&/%3C?echo(md5(%22hi%22));?%3E+/tmp/index1.php 404 2.9ms
[2025-12-22 08:36:58,512] INFO GET /index.php?lang=../../../../../../../../tmp/index1 404 2.37ms
[2025-12-22 08:36:58,702] INFO GET /containers/json 404 2.32ms
[2025-12-22 08:45:08,006] INFO GET / 404 2.36ms
[2025-12-22 09:03:42,629] INFO GET /admin/api/substudent/ 200 15.86ms
[2025-12-22 09:03:42,848] INFO GET /admin/jsi18n/ 200 3.01ms
[2025-12-22 09:10:28,647] INFO GET /admin/api/substudent/ 200 17.37ms
[2025-12-22 09:10:28,747] INFO GET /admin/jsi18n/ 200 3.12ms
[2025-12-22 09:10:30,499] INFO GET /admin/api/substudent/ 200 18.22ms
[2025-12-22 09:10:30,560] INFO GET /admin/jsi18n/ 200 2.85ms
[2025-12-22 09:15:26,214] INFO GET /admin/api/substudent/ 200 18.58ms
[2025-12-22 09:15:26,289] INFO GET /admin/jsi18n/ 200 2.77ms
[2025-12-22 09:15:33,229] INFO GET /admin/api/substudent/ 200 18.37ms
[2025-12-22 09:15:33,288] INFO GET /admin/jsi18n/ 200 2.64ms
[2025-12-22 09:15:48,294] INFO GET /admin/api/substudent/ 200 17.74ms
[2025-12-22 09:15:48,362] INFO GET /admin/jsi18n/ 200 2.94ms
[2025-12-22 09:20:33,114] INFO GET /admin/api/substudent/ 200 18.24ms
[2025-12-22 09:20:33,235] INFO GET /admin/jsi18n/ 200 2.95ms
[2025-12-22 09:25:24,371] INFO GET /admin/api/substudent/ 200 19.83ms
[2025-12-22 09:25:24,464] INFO GET /admin/jsi18n/ 200 3.05ms
